C51 COMPILER V9.52.0.0   MAIN                                                              10/22/2014 13:37:08 PAGE 1   


C51 COMPILER V9.52.0.0, COMPILATION OF MODULE MAIN
OBJECT MODULE PLACED IN main.OBJ
COMPILER INVOKED BY: C:\Program Files (x86)\keil\C51\BIN\C51.EXE main.c BROWSE DEBUG OBJECTEXTEND TABS(2)

line level    source

   1          #include<reg51.h>
   2          
   3          
   4          ////////////////////////////////////////////////////////
   5          //__________Definitions for PORT_______________/////////
   6          ////////////////////////////////////////////////////////
   7          #define adc_data P1
   8          
   9          ///////////////////////////////////////////////////////
  10          ////___________Bit definitions_____________________////
  11          ///////////////////////////////////////////////////////
  12          
  13          sbit rd= P3^7;
  14          sbit wr= P3^6;
  15          sbit motor1= P2^0;
  16          sbit motor2= P2^1;
  17          sbit intr= P3^4;
  18          sbit en= P2^2;
  19          sbit dir =P3^0;
  20          
  21          
  22          unsigned char read_adc(void);
  23          void delay(unsigned char);
  24          
  25          
  26          
  27          
  28          //_________________________________________________________//
  29          //_______________________MAIN.C____________________________//
  30          //_________________________________________________________//
  31          
  32          
  33          
  34          
  35          void main()
  36          {
  37   1        
  38   1        unsigned char port_data;   //variables
  39   1        
  40   1        adc_data=0xff;                           // configure port 1 as input
  41   1        P2=0x00;                           // temparery
  42   1        P3=0xff;
  43   1        
  44   1        motor1=1;
  45   1        motor2=0;            //Assigns motor to the forward direction
  46   1        
  47   1        while(1)
  48   1        {
  49   2           
  50   2          port_data= read_adc();
  51   2          
  52   2          en=1;
  53   2          delay(port_data);
  54   2          
  55   2          en=0;
C51 COMPILER V9.52.0.0   MAIN                                                              10/22/2014 13:37:08 PAGE 2   

  56   2          port_data=255-port_data;
  57   2          delay(port_data);
  58   2          
  59   2          if(dir==1)
  60   2          {
  61   3            motor1=1;
  62   3            motor2=0; 
  63   3          }
  64   2          else
  65   2            {
  66   3            motor1=0;
  67   3            motor2=1; 
  68   3           }
  69   2        
  70   2        
  71   2        }
  72   1        
  73   1      }
  74          
  75          
  76          
  77          
  78          
  79          
  80          ////////////////////////////////////////////////////////////////////////////////////
  81          /////////////////////////Function Definitions///////////////////////////////////////
  82          ////////////////////////////////////////////////////////////////////////////////////
  83          
  84          
  85          unsigned char read_adc(void)
  86          {
  87   1        wr=0;
  88   1        delay(1);
  89   1        rd=1;
  90   1        wr=1;
  91   1        intr=1;
  92   1        while(intr==1);
  93   1        delay(1);
  94   1        rd=0;
  95   1        return adc_data;
  96   1      }
  97          
  98          
  99          
 100          void delay(unsigned char x )
 101          {
 102   1        unsigned char i,j;
 103   1        for(i=0;i<50;i++)
 104   1        {
 105   2          for(j=0;j<x;j++);
 106   2        }
 107   1      }


MODULE INFORMATION:   STATIC OVERLAYABLE
   CODE SIZE        =     92    ----
   CONSTANT SIZE    =   ----    ----
   XDATA SIZE       =   ----    ----
   PDATA SIZE       =   ----    ----
   DATA SIZE        =   ----       1
   IDATA SIZE       =   ----    ----
   BIT SIZE         =   ----    ----
C51 COMPILER V9.52.0.0   MAIN                                                              10/22/2014 13:37:08 PAGE 3   

END OF MODULE INFORMATION.


C51 COMPILATION COMPLETE.  0 WARNING(S),  0 ERROR(S)
