C51 COMPILER V9.52.0.0   NEW                                                               10/24/2014 13:41:43 PAGE 1   


C51 COMPILER V9.52.0.0, COMPILATION OF MODULE NEW
OBJECT MODULE PLACED IN H:\new.obj
COMPILER INVOKED BY: C:\Program Files (x86)\keil\C51\BIN\C51.EXE H:\new.c BROWSE DEBUG OBJECTEXTEND PRINT(.\new.lst) TAB
                    -S(2) OBJECT(H:\new.obj)

line level    source

   1          #include<reg51.h>
   2          unsigned int digi_val[10]={0x40,0xF9,0x24,0x30,0x19,0x12,0x02,0xF8,0x00,0x10};
   3          sbit output_on_pin = P3^0;
   4          sbit stop_pin=P3^1;
   5          sbit buzzer_pin=P0^0;
   6          int flag; 
   7          void display(unsigned int current_dig)
   8          {
   9   1      P2=digi_val[current_dig];
  10   1      output_on_pin=1;
  11   1      buzzer_pin=1;
  12   1      while(stop_pin !=1);
  13   1      }
  14          void buzzer()
  15          {
  16   1      flag=0;
  17   1      while(1)
  18   1      {
  19   2      while(P1==0xFF);
  20   2      
  21   2      while(P1==0x7F)
  22   2      {
  23   3       flag=1;
  24   3       display(1);
  25   3      }
  26   2      while(P1==0xBF)
  27   2      {
  28   3       flag=2;
  29   3       display(2);
  30   3      }
  31   2      while(P1==0xDF)
  32   2      {
  33   3       flag=3;
  34   3       display(3);
  35   3      }
  36   2      while(P1==0xEF)
  37   2      {
  38   3       flag=4;
  39   3       display(4);
  40   3      }
  41   2      while(P1==0xF7)
  42   2      {
  43   3       flag=5;
  44   3       display(5);
  45   3      }
  46   2      while(P1==0xFB)
  47   2      {
  48   3       flag=6;
  49   3       display(6);
  50   3      }
  51   2      while(P1==0xFD)
  52   2      {
  53   3       flag=7;
  54   3       display(7);
C51 COMPILER V9.52.0.0   NEW                                                               10/24/2014 13:41:43 PAGE 2   

  55   3      }
  56   2      while(P1==0xFE)
  57   2      {
  58   3       flag=8;
  59   3       display(8);
  60   3      }
  61   2      stop_pin=1;
  62   2      output_on_pin=0;
  63   2      }
  64   1      }
  65          void main()
  66          {
  67   1        buzzer_pin=1;
  68   1        while(1);
  69   1      output_on_pin=0;
  70   1      stop_pin=1;
  71   1      P1=0xFF;
  72   1      buzzer();
  73   1      }
*** WARNING C294 IN LINE 69 OF H:\new.c: unreachable code


MODULE INFORMATION:   STATIC OVERLAYABLE
   CODE SIZE        =    199    ----
   CONSTANT SIZE    =   ----    ----
   XDATA SIZE       =   ----    ----
   PDATA SIZE       =   ----    ----
   DATA SIZE        =     22    ----
   IDATA SIZE       =   ----    ----
   BIT SIZE         =   ----    ----
END OF MODULE INFORMATION.


C51 COMPILATION COMPLETE.  1 WARNING(S),  0 ERROR(S)
